<?xml version="1.0" encoding="UTF-8"?>
<Site BuildName="Win32-mingw32-make"
	BuildStamp="20241205-1851-Experimental"
	Name="Kellys_PC"
	Generator="ctest-3.27.7"
	CompilerName="C:/msys64/mingw64/bin/g++.exe"
	CompilerVersion="13.2.0"
	OSName="Windows"
	Hostname="Kellys_PC"
	OSRelease=" Personal"
	OSVersion=" (Build 22631)"
	OSPlatform="AMD64"
	Is64Bits="1"
	VendorString="AuthenticAMD"
	VendorID="Advanced Micro Devices"
	FamilyID="15"
	ModelID="8"
	ProcessorCacheSize="64"
	NumberOfLogicalCPU="16"
	NumberOfPhysicalCPU="8"
	TotalVirtualMemory="22621"
	TotalPhysicalMemory="15709"
	LogicalProcessorsPerPhysical="2"
	ProcessorClockFrequency="1796"
	>
	<Testing>
		<StartDateTime>Dec 05 13:51 Eastern Standard Time</StartDateTime>
		<StartTestTime>1733424662</StartTestTime>
		<TestList/>
		<EndDateTime>Dec 05 13:51 Eastern Standard Time</EndDateTime>
		<EndTestTime>1733424662</EndTestTime>
		<ElapsedMinutes>0</ElapsedMinutes>
	</Testing>
</Site>
