<?xml version="1.0" encoding="UTF-8"?>
<Site BuildName="Win32-mingw32-make"
	BuildStamp="20240205-1910-Experimental"
	Name="Kellys_PC"
	Generator="ctest-3.27.7"
	CompilerName="C:/msys64/mingw64/bin/g++.exe"
	CompilerVersion="13.2.0"
	OSName="Windows"
	Hostname="Kellys_PC"
	OSRelease=" Personal"
	OSVersion=" (Build 22621)"
	OSPlatform="AMD64"
	Is64Bits="1"
	VendorString="AuthenticAMD"
	VendorID="Advanced Micro Devices"
	FamilyID="15"
	ModelID="8"
	ProcessorCacheSize="64"
	NumberOfLogicalCPU="16"
	NumberOfPhysicalCPU="8"
	TotalVirtualMemory="18141"
	TotalPhysicalMemory="15709"
	LogicalProcessorsPerPhysical="2"
	ProcessorClockFrequency="1796"
	>
	<Testing>
		<StartDateTime>Feb 05 15:19 Eastern Standard Time</StartDateTime>
		<StartTestTime>1707164370</StartTestTime>
		<TestList/>
		<EndDateTime>Feb 05 15:19 Eastern Standard Time</EndDateTime>
		<EndTestTime>1707164370</EndTestTime>
		<ElapsedMinutes>0</ElapsedMinutes>
	</Testing>
</Site>
